TN:
SF:Middleware/middleware.js
FN:6,Object.<anonymous>.module.exports.CreateHash
FN:10,Object.<anonymous>.module.exports.CompareHash
FN:15,Object.<anonymous>.module.exports.CreateToken
FN:27,Object.<anonymous>.module.exports.VerifyToken
FN:35,Object.<anonymous>.module.exports.decryptoken
FNF:5
FNH:0
FNDA:0,Object.<anonymous>.module.exports.CreateHash
FNDA:0,Object.<anonymous>.module.exports.CompareHash
FNDA:0,Object.<anonymous>.module.exports.CreateToken
FNDA:0,Object.<anonymous>.module.exports.VerifyToken
FNDA:0,Object.<anonymous>.module.exports.decryptoken
DA:1,1
DA:2,1
DA:3,1
DA:4,1
DA:5,1
DA:6,1
DA:7,0
DA:8,0
DA:9,0
DA:10,1
DA:11,0
DA:12,0
DA:13,0
DA:14,0
DA:15,1
DA:16,0
DA:17,0
DA:18,0
DA:19,0
DA:20,0
DA:21,0
DA:22,0
DA:23,0
DA:24,1
DA:25,1
DA:26,1
DA:27,1
DA:28,0
DA:29,0
DA:30,0
DA:31,0
DA:32,0
DA:33,0
DA:34,1
DA:35,1
DA:36,0
DA:37,0
DA:38,0
DA:39,0
DA:40,0
LF:40
LH:14
BRF:0
BRH:0
end_of_record
TN:
SF:Movies/MovieController.js
FN:9,Object.<anonymous>.module.exports.CreateMovie
FN:24,Object.<anonymous>.module.exports.SearchMovieByTitle
FN:39,Object.<anonymous>.module.exports.SearchMovieById
FNF:3
FNH:1
FNDA:0,Object.<anonymous>.module.exports.CreateMovie
FNDA:0,Object.<anonymous>.module.exports.SearchMovieByTitle
FNDA:1,Object.<anonymous>.module.exports.SearchMovieById
DA:1,1
DA:2,1
DA:3,1
DA:4,1
DA:5,1
DA:6,1
DA:7,1
DA:8,1
DA:9,1
DA:10,0
DA:11,0
DA:12,0
DA:13,0
DA:14,0
DA:15,0
DA:16,0
DA:17,0
DA:18,0
DA:19,0
DA:20,0
DA:21,1
DA:22,1
DA:23,1
DA:24,1
DA:25,0
DA:26,0
DA:27,0
DA:28,0
DA:29,0
DA:30,0
DA:31,0
DA:32,0
DA:33,0
DA:34,0
DA:35,0
DA:36,1
DA:37,1
DA:38,1
DA:39,1
DA:40,1
DA:41,1
DA:42,1
DA:43,0
DA:44,0
DA:45,1
LF:45
LH:21
BRDA:39,0,0,1
BRDA:42,1,0,0
BRF:2
BRH:1
end_of_record
TN:
SF:Movies/MovieModels.js
FNF:0
FNH:0
DA:1,1
DA:2,1
DA:3,1
DA:4,1
DA:5,1
DA:6,1
DA:7,1
DA:8,1
DA:9,1
LF:9
LH:9
BRF:0
BRH:0
end_of_record
TN:
SF:Movies/MovieServices.js
FN:3,Object.<anonymous>.module.exports.getMovie
FNF:1
FNH:0
FNDA:0,Object.<anonymous>.module.exports.getMovie
DA:1,1
DA:2,1
DA:3,1
DA:4,0
DA:5,0
DA:6,0
DA:7,0
DA:8,0
DA:9,0
DA:10,0
LF:10
LH:3
BRF:0
BRH:0
end_of_record
